<?xml version="1.0" encoding="UTF-8"?>
<!-- Generated by org.testng.reporters.JUnitXMLReporter -->
<testsuite ignored="3" hostname="DESKTOP-7C8RJ8N" failures="1" tests="4" name="Car Loan" time="0.128" errors="0" timestamp="2026-02-21T00:41:07 IST">
  <testcase classname="Test.Day3" name="mobileAmritgocarLoan" time="0.091">
    <failure type="java.lang.AssertionError">
      <![CDATA[java.lang.AssertionError
at org.junit.Assert.fail(Assert.java:87)
at org.junit.Assert.assertTrue(Assert.java:42)
at org.junit.Assert.assertTrue(Assert.java:53)
at Test.Day3.mobileAmritgocarLoan(Day3.java:109)
at java.base/java.util.ArrayList.forEach(ArrayList.java:1511)
... Removed 27 stack frames]]>
    </failure>
  </testcase> <!-- mobileAmritgocarLoan -->
  <testcase classname="Test.Day3" name="mobileForincarLoan" time="0.002"/>
  <testcase classname="Test.Day3" name="mobileForincarLoan" time="0.002"/>
  <testcase classname="Test.Day3" name="mobileForincarLoan" time="0.002"/>
  <testcase classname="Test.Day3" name="Mobilelogincarloan" time="0.0">
    <ignored/>
  </testcase> <!-- Mobilelogincarloan -->
  <testcase classname="Test.Day3" name="login" time="0.0">
    <ignored/>
  </testcase> <!-- login -->
  <testcase classname="Test.Day3" name="LoginAPIcarLoan" time="0.0">
    <ignored/>
  </testcase> <!-- LoginAPIcarLoan -->
</testsuite> <!-- Car Loan -->
