<?xml version="1.0" encoding="UTF-8"?>
<!-- Generated by org.testng.reporters.JUnitXMLReporter -->
<testsuite ignored="0" hostname="DESKTOP-7C8RJ8N" failures="0" tests="2" name="Error Validation Test" time="12.96" errors="0" timestamp="2026-04-24T00:50:04 IST">
  <testcase classname="rahulshettyacademy06.ErrorValidationTest" name="LoginErrorValidation" time="2.094"/>
  <testcase classname="rahulshettyacademy06.ErrorValidationTest" name="ProductErrorValidation" time="3.4"/>
</testsuite> <!-- Error Validation Test -->
