<?xml version="1.0" encoding="UTF-8"?>
<!-- Generated by org.testng.reporters.JUnitXMLReporter -->
<testsuite ignored="0" hostname="DESKTOP-7C8RJ8N" failures="1" tests="4" name="Submit Order Test" time="29.099" errors="0" timestamp="2026-04-24T00:50:19 IST">
  <testcase classname="rahulshettyacademy06.SubmitOrderTest" name="submitOrder" time="8.189"/>
  <testcase classname="rahulshettyacademy06.SubmitOrderTest" name="submitOrder" time="5.874"/>
  <testcase classname="rahulshettyacademy06.SubmitOrderTest" name="OrderHistoryTest" time="0.738">
    <skipped/>
  </testcase> <!-- OrderHistoryTest -->
  <testcase classname="rahulshettyacademy06.SubmitOrderTest" name="OrderHistoryTest" time="2.044">
    <failure type="java.lang.AssertionError" message="expected [true] but found [false]">
      <![CDATA[java.lang.AssertionError: expected [true] but found [false]
at rahulshettyacademy06.SubmitOrderTest.OrderHistoryTest(SubmitOrderTest.java:61)
at java.base/java.util.ArrayList.forEach(ArrayList.java:1511)
at java.base/java.util.concurrent.FutureTask.run(FutureTask.java:264)
at java.base/java.util.concurrent.ThreadPoolExecutor.runWorker(ThreadPoolExecutor.java:1136)
at java.base/java.util.concurrent.ThreadPoolExecutor$Worker.run(ThreadPoolExecutor.java:635)
at java.base/java.lang.Thread.run(Thread.java:833)
... Removed 21 stack frames]]>
    </failure>
  </testcase> <!-- OrderHistoryTest -->
</testsuite> <!-- Submit Order Test -->
