<?xml version="1.0" encoding="UTF-8"?>
<!-- Generated by org.testng.reporters.JUnitReportReporter -->
<testsuite hostname="DESKTOP-7C8RJ8N" failures="0" tests="3" name="dataDriver.excelDataProvider.dataProvide" time="0.013" errors="0" timestamp="2026-06-10T01:02:43 IST" skipped="0">
  <testcase classname="dataDriver.excelDataProvider.dataProvide" name="testCaseData" time="0.002"/>
  <testcase classname="dataDriver.excelDataProvider.dataProvide" name="testCaseData" time="0.008"/>
  <testcase classname="dataDriver.excelDataProvider.dataProvide" name="testCaseData" time="0.003"/>
</testsuite> <!-- dataDriver.excelDataProvider.dataProvide -->
