<?xml version="1.0" encoding="UTF-8"?>
<!-- Generated by org.testng.reporters.JUnitXMLReporter -->
<testsuite ignored="5" hostname="DESKTOP-7C8RJ8N" failures="0" tests="10" name="personal Loan" time="0.138" errors="0" timestamp="2026-02-21T00:44:18 IST">
  <testcase classname="Test.Day1" name="DemoComes" time="0.007"/>
  <testcase classname="Test.Day1" name="DemoHigh5" time="0.002"/>
  <testcase classname="Test.Day2" name="pload" time="0.002"/>
  <testcase classname="Test.Day2" name="ploan" time="0.001"/>
  <testcase classname="Test.Day2" name="ploan" time="0.001"/>
  <testcase classname="Test.Day2" name="ploan" time="0.002"/>
  <testcase classname="Test.Day4" name="mobileLogincarLoan" time="0.011"/>
  <testcase classname="Test.Day4" name="LoginAPIparLoan" time="0.001"/>
  <testcase classname="Test.Day4" name="MobileLoginHomeLoan" time="0.002"/>
  <testcase classname="Test.Day4" name="LoginAPIcarLoan" time="0.002"/>
  <testcase classname="Test.Day1" name="SecondTest1" time="0.0">
    <ignored/>
  </testcase> <!-- SecondTest1 -->
  <testcase classname="Test.Day1" name="SecondTest2" time="0.0">
    <ignored/>
  </testcase> <!-- SecondTest2 -->
  <testcase classname="Test.Day4" name="login" time="0.0">
    <ignored/>
  </testcase> <!-- login -->
  <testcase classname="Test.Day1" name="SecondTest" time="0.0">
    <ignored/>
  </testcase> <!-- SecondTest -->
  <testcase classname="Test.Day1" name="cccGoes" time="0.0">
    <ignored/>
  </testcase> <!-- cccGoes -->
</testsuite> <!-- personal Loan -->
