-------------------------------------------------------------------------------
Test set: TestSuite
-------------------------------------------------------------------------------
Tests run: 5, Failures: 4, Errors: 0, Skipped: 1, Time elapsed: 15.159 s <<< FAILURE! - in TestSuite
rahulshettyacademy06.ErrorValidationTest.LoginErrorValidation  Time elapsed: 1.907 s  <<< FAILURE!
org.openqa.selenium.ElementClickInterceptedException: 
element click intercepted: Element is not clickable at point (383, 509)
  (Session info: chrome=147.0.7727.103)
Build info: version: '4.41.0', revision: '9fc754f'
System info: os.name: 'Windows 11', os.arch: 'amd64', os.version: '10.0', java.version: '25'
Driver info: org.openqa.selenium.chrome.ChromeDriver
Command: [ec09b0fb6a7cb9a14f5018cf4c218920, clickElement {id=f.68AA9CF10482F386CC3DE2226FB3502D.d.472E8CA2DD27E915636711AF6331FB31.e.5}]
Capabilities {acceptInsecureCerts: false, browserName: chrome, browserVersion: 147.0.7727.103, chrome: {chromedriverVersion: 147.0.7727.117 (474cc805edd..., userDataDir: C:\Users\CHANDA~1\AppData\L...}, fedcm:accounts: true, goog:chromeOptions: {debuggerAddress: localhost:56006}, goog:processID: 13400, networkConnectionEnabled: false, pageLoadStrategy: normal, platformName: windows, proxy: Proxy(), se:cdp: ws://localhost:56006/devtoo..., se:cdpVersion: 147.0.7727.103, setWindowRect: true, strictFileInteractability: false, timeouts: {implicit: 0, pageLoad: 300000, script: 30000}, unhandledPromptBehavior: dismiss and notify, webauthn:extension:credBlob: true, webauthn:extension:largeBlob: true, webauthn:extension:minPinLength: true, webauthn:extension:prf: true, webauthn:virtualAuthenticators: true}
Element: [[ChromeDriver: chrome on windows (ec09b0fb6a7cb9a14f5018cf4c218920)] -> id: login]
Session ID: ec09b0fb6a7cb9a14f5018cf4c218920
	at rahulshettyacademy06.ErrorValidationTest.LoginErrorValidation(ErrorValidationTest.java:20)

rahulshettyacademy06.SubmitOrderTest.submitOrder  Time elapsed: 2.287 s  <<< FAILURE!
org.openqa.selenium.ElementClickInterceptedException: 
element click intercepted: Element is not clickable at point (383, 522)
  (Session info: chrome=147.0.7727.103)
Build info: version: '4.41.0', revision: '9fc754f'
System info: os.name: 'Windows 11', os.arch: 'amd64', os.version: '10.0', java.version: '25'
Driver info: org.openqa.selenium.chrome.ChromeDriver
Command: [00bad59e4c03c5f92259b1975b604807, clickElement {id=f.029DA0E3E9116B3DC7CF8DD3E1760C47.d.0E39A25A9300BD9BEF4C3266A76971FB.e.5}]
Capabilities {acceptInsecureCerts: false, browserName: chrome, browserVersion: 147.0.7727.103, chrome: {chromedriverVersion: 147.0.7727.117 (474cc805edd..., userDataDir: C:\Users\CHANDA~1\AppData\L...}, fedcm:accounts: true, goog:chromeOptions: {debuggerAddress: localhost:56007}, goog:processID: 14016, networkConnectionEnabled: false, pageLoadStrategy: normal, platformName: windows, proxy: Proxy(), se:cdp: ws://localhost:56007/devtoo..., se:cdpVersion: 147.0.7727.103, setWindowRect: true, strictFileInteractability: false, timeouts: {implicit: 0, pageLoad: 300000, script: 30000}, unhandledPromptBehavior: dismiss and notify, webauthn:extension:credBlob: true, webauthn:extension:largeBlob: true, webauthn:extension:minPinLength: true, webauthn:extension:prf: true, webauthn:virtualAuthenticators: true}
Element: [[ChromeDriver: chrome on windows (00bad59e4c03c5f92259b1975b604807)] -> id: login]
Session ID: 00bad59e4c03c5f92259b1975b604807
	at rahulshettyacademy06.SubmitOrderTest.submitOrder(SubmitOrderTest.java:36)

rahulshettyacademy06.SubmitOrderTest.submitOrder  Time elapsed: 3.378 s  <<< FAILURE!
org.openqa.selenium.ElementClickInterceptedException: 
element click intercepted: Element is not clickable at point (383, 514)
  (Session info: chrome=147.0.7727.103)
Build info: version: '4.41.0', revision: '9fc754f'
System info: os.name: 'Windows 11', os.arch: 'amd64', os.version: '10.0', java.version: '25'
Driver info: org.openqa.selenium.chrome.ChromeDriver
Command: [50a21e9c1ca0667ea96ca488a47bbbd6, clickElement {id=f.B48FA4FDD85F744D63771B1527871715.d.E4D8C8AECE797175886FC0BA02FDA503.e.6}]
Capabilities {acceptInsecureCerts: false, browserName: chrome, browserVersion: 147.0.7727.103, chrome: {chromedriverVersion: 147.0.7727.117 (474cc805edd..., userDataDir: C:\Users\CHANDA~1\AppData\L...}, fedcm:accounts: true, goog:chromeOptions: {debuggerAddress: localhost:58496}, goog:processID: 6928, networkConnectionEnabled: false, pageLoadStrategy: normal, platformName: windows, proxy: Proxy(), se:cdp: ws://localhost:58496/devtoo..., se:cdpVersion: 147.0.7727.103, setWindowRect: true, strictFileInteractability: false, timeouts: {implicit: 0, pageLoad: 300000, script: 30000}, unhandledPromptBehavior: dismiss and notify, webauthn:extension:credBlob: true, webauthn:extension:largeBlob: true, webauthn:extension:minPinLength: true, webauthn:extension:prf: true, webauthn:virtualAuthenticators: true}
Element: [[ChromeDriver: chrome on windows (50a21e9c1ca0667ea96ca488a47bbbd6)] -> id: login]
Session ID: 50a21e9c1ca0667ea96ca488a47bbbd6
	at rahulshettyacademy06.SubmitOrderTest.submitOrder(SubmitOrderTest.java:36)

rahulshettyacademy06.ErrorValidationTest.ProductErrorValidation  Time elapsed: 0.312 s  <<< FAILURE!
org.openqa.selenium.ElementClickInterceptedException: 
element click intercepted: Element is not clickable at point (383, 522)
  (Session info: chrome=147.0.7727.103)
Build info: version: '4.41.0', revision: '9fc754f'
System info: os.name: 'Windows 11', os.arch: 'amd64', os.version: '10.0', java.version: '25'
Driver info: org.openqa.selenium.chrome.ChromeDriver
Command: [1a1970f86f23d19e000af53f4f603b7c, clickElement {id=f.49445A660C6376E09C577A2A0FB4E16F.d.63B09F42A0082AF91C5F2D085C524162.e.6}]
Capabilities {acceptInsecureCerts: false, browserName: chrome, browserVersion: 147.0.7727.103, chrome: {chromedriverVersion: 147.0.7727.117 (474cc805edd..., userDataDir: C:\Users\CHANDA~1\AppData\L...}, fedcm:accounts: true, goog:chromeOptions: {debuggerAddress: localhost:49196}, goog:processID: 9676, networkConnectionEnabled: false, pageLoadStrategy: normal, platformName: windows, proxy: Proxy(), se:cdp: ws://localhost:49196/devtoo..., se:cdpVersion: 147.0.7727.103, setWindowRect: true, strictFileInteractability: false, timeouts: {implicit: 0, pageLoad: 300000, script: 30000}, unhandledPromptBehavior: dismiss and notify, webauthn:extension:credBlob: true, webauthn:extension:largeBlob: true, webauthn:extension:minPinLength: true, webauthn:extension:prf: true, webauthn:virtualAuthenticators: true}
Element: [[ChromeDriver: chrome on windows (1a1970f86f23d19e000af53f4f603b7c)] -> id: login]
Session ID: 1a1970f86f23d19e000af53f4f603b7c
	at rahulshettyacademy06.ErrorValidationTest.ProductErrorValidation(ErrorValidationTest.java:30)

