<?xml version="1.0" encoding="UTF-8"?>
<testng-results ignored="0" total="1" passed="1" failed="0" skipped="0">
  <reporter-output>
  </reporter-output>
  <suite started-at="2026-06-10T01:10:20 IST" name="Default suite" finished-at="2026-06-10T01:10:22 IST" duration-ms="1852">
    <groups>
    </groups>
    <test started-at="2026-06-10T01:10:20 IST" name="Default test" finished-at="2026-06-10T01:10:22 IST" duration-ms="1852">
      <class name="dataDriver.excelDataProvider.excel">
        <test-method signature="getExcel()[pri:0, instance:dataDriver.excelDataProvider.excel@659499f1]" started-at="2026-06-10T01:10:20 IST" name="getExcel" finished-at="2026-06-10T01:10:22 IST" duration-ms="1774" status="PASS">
          <reporter-output>
          </reporter-output>
        </test-method> <!-- getExcel -->
      </class> <!-- dataDriver.excelDataProvider.excel -->
    </test> <!-- Default test -->
  </suite> <!-- Default suite -->
</testng-results>
