<?xml version="1.0" encoding="UTF-8"?>
<testng-results ignored="0" total="1" passed="1" failed="0" skipped="0">
  <reporter-output>
  </reporter-output>
  <suite started-at="2026-03-26T01:48:18 IST" name="Default suite" finished-at="2026-03-26T01:48:25 IST" duration-ms="6900">
    <groups>
    </groups>
    <test started-at="2026-03-26T01:48:18 IST" name="Default test" finished-at="2026-03-26T01:48:25 IST" duration-ms="6900">
      <class name="rahulshettyacademy06.ExtentReports.ExtentReportDemo">
        <test-method is-config="true" signature="config()[pri:0, instance:rahulshettyacademy06.ExtentReports.ExtentReportDemo@17f62e33]" started-at="2026-03-26T01:48:18 IST" name="config" finished-at="2026-03-26T01:48:18 IST" duration-ms="340" status="PASS">
          <reporter-output>
          </reporter-output>
        </test-method> <!-- config -->
        <test-method signature="initialDemo()[pri:0, instance:rahulshettyacademy06.ExtentReports.ExtentReportDemo@17f62e33]" started-at="2026-03-26T01:48:18 IST" name="initialDemo" finished-at="2026-03-26T01:48:25 IST" duration-ms="6513" status="PASS">
          <reporter-output>
          </reporter-output>
        </test-method> <!-- initialDemo -->
      </class> <!-- rahulshettyacademy06.ExtentReports.ExtentReportDemo -->
    </test> <!-- Default test -->
  </suite> <!-- Default suite -->
</testng-results>
