<?xml version="1.0" encoding="UTF-8"?>
<testng-results ignored="0" total="1" passed="1" failed="0" skipped="0">
  <reporter-output>
  </reporter-output>
  <suite started-at="2026-02-24T01:41:39 IST" name="Default suite" finished-at="2026-02-24T01:41:39 IST" duration-ms="115">
    <groups>
    </groups>
    <test started-at="2026-02-24T01:41:39 IST" name="Default test" finished-at="2026-02-24T01:41:39 IST" duration-ms="115">
      <class name="defaultPackage.PS1">
        <test-method is-config="true" signature="beforeRun()[pri:0, instance:defaultPackage.PS1@2e3967ea]" started-at="2026-02-24T01:41:39 IST" name="beforeRun" finished-at="2026-02-24T01:41:39 IST" duration-ms="20" status="PASS">
          <reporter-output>
          </reporter-output>
        </test-method> <!-- beforeRun -->
        <test-method signature="testRun()[pri:0, instance:defaultPackage.PS1@2e3967ea]" started-at="2026-02-24T01:41:39 IST" name="testRun" finished-at="2026-02-24T01:41:39 IST" duration-ms="12" status="PASS">
          <reporter-output>
          </reporter-output>
        </test-method> <!-- testRun -->
        <test-method is-config="true" signature="afterrun()[pri:0, instance:defaultPackage.PS1@2e3967ea]" started-at="2026-02-24T01:41:39 IST" name="afterrun" finished-at="2026-02-24T01:41:39 IST" duration-ms="1" status="PASS">
          <reporter-output>
          </reporter-output>
        </test-method> <!-- afterrun -->
      </class> <!-- defaultPackage.PS1 -->
    </test> <!-- Default test -->
  </suite> <!-- Default suite -->
</testng-results>
