<?xml version="1.0" encoding="UTF-8"?>
<!-- Generated by org.testng.reporters.JUnitReportReporter -->
<testsuite hostname="DESKTOP-7C8RJ8N" failures="0" tests="2" name="rahulshettyacademy06.ErrorValidationTest" time="12.808" errors="0" timestamp="2026-04-24T00:50:19 IST" skipped="0">
  <testcase classname="rahulshettyacademy06.ErrorValidationTest" name="ProductErrorValidation" time="7.785"/>
  <testcase classname="rahulshettyacademy06.ErrorValidationTest" name="LoginErrorValidation" time="5.023"/>
</testsuite> <!-- rahulshettyacademy06.ErrorValidationTest -->
