<?xml version="1.0" encoding="UTF-8"?>
<!-- Generated by org.testng.reporters.JUnitReportReporter -->
<testsuite hostname="DESKTOP-7C8RJ8N" failures="0" tests="5" name="Test.Day4" time="0.016" errors="0" timestamp="2026-02-21T00:44:19 IST" skipped="1">
  <testcase classname="Test.Day4" name="LoginAPIparLoan" time="0.001"/>
  <testcase classname="Test.Day4" name="MobileLoginHomeLoan" time="0.002"/>
  <testcase classname="Test.Day4" name="LoginAPIcarLoan" time="0.002"/>
  <testcase classname="Test.Day4" name="mobileLogincarLoan" time="0.011"/>
  <testcase classname="Test.Day4" name="login">
    <skipped/>
  </testcase> <!-- login -->
</testsuite> <!-- Test.Day4 -->
