<?xml version="1.0" encoding="UTF-8"?>
<!-- Generated by org.testng.reporters.JUnitReportReporter -->
<testsuite hostname="DESKTOP-7C8RJ8N" failures="0" tests="4" name="Test.Day2" time="0.006" errors="0" timestamp="2026-02-21T00:44:19 IST" skipped="0">
  <testcase classname="Test.Day2" name="ploan" time="0.002"/>
  <testcase classname="Test.Day2" name="ploan" time="0.001"/>
  <testcase classname="Test.Day2" name="pload" time="0.002"/>
  <testcase classname="Test.Day2" name="ploan" time="0.001"/>
</testsuite> <!-- Test.Day2 -->
